<?xml version="1.0" encoding="UTF-8"?>
<!-- Generated by org.testng.reporters.JUnitReportReporter -->
<testsuite hostname="HUBLAPIND-401.local" failures="0" tests="5" name="UI_Runner.LeaderboardExecution" time="13.598" errors="0" timestamp="2022-08-05T09:15:46 IST" skipped="0">
  <testcase classname="UI_Runner.LeaderboardExecution" name="LeaderboardInit" time="0.106"/>
  <system-out>
    <![CDATA[Test Case ----- LeaderboardInit Started
Test Case ----- LeaderboardInit PASS]]>
  </system-out>
  <testcase classname="UI_Runner.LeaderboardExecution" name="verifyLeaderboardPageUI" time="6.948"/>
  <system-out>
    <![CDATA[Test Case ----- verifyLeaderboardPageUI Started
Test Case ----- verifyLeaderboardPageUI PASS]]>
  </system-out>
  <testcase classname="UI_Runner.LeaderboardExecution" name="verifyPointsPageUI" time="0.018"/>
  <system-out>
    <![CDATA[Test Case ----- verifyPointsPageUI Started
Test Case ----- verifyPointsPageUI PASS]]>
  </system-out>
  <testcase classname="UI_Runner.LeaderboardExecution" name="verifyUserDetail" time="3.995"/>
  <system-out>
    <![CDATA[Test Case ----- verifyUserDetail Started
Test Case ----- verifyUserDetail PASS]]>
  </system-out>
  <testcase classname="UI_Runner.LeaderboardExecution" name="verifyLogginUserDetail" time="2.531"/>
  <system-out>
    <![CDATA[Test Case ----- verifyLogginUserDetail Started
Test Case ----- verifyLogginUserDetail PASS]]>
  </system-out>
</testsuite> <!-- UI_Runner.LeaderboardExecution -->
