<?xml version="1.0" encoding="UTF-8"?>
<!-- Generated by org.testng.reporters.JUnitReportReporter -->
<testsuite hostname="HUBLAPIND-401.local" failures="0" tests="6" name="UI_Runner.MeetingExecution" time="56.373" errors="0" timestamp="2022-08-05T09:15:46 IST" skipped="0">
  <testcase classname="UI_Runner.MeetingExecution" name="meetingInit" time="7.191"/>
  <system-out>
    <![CDATA[Test Case ----- meetingInit Started
Test Case ----- meetingInit PASS]]>
  </system-out>
  <testcase classname="UI_Runner.MeetingExecution" name="verifyMeetingScreen" time="10.129"/>
  <system-out>
    <![CDATA[Test Case ----- verifyMeetingScreen Started
Test Case ----- verifyMeetingScreen PASS]]>
  </system-out>
  <testcase classname="UI_Runner.MeetingExecution" name="verifyMeetingSetup" time="28.740"/>
  <system-out>
    <![CDATA[Test Case ----- verifyMeetingSetup Started
Test Case ----- verifyMeetingSetup PASS]]>
  </system-out>
  <testcase classname="UI_Runner.MeetingExecution" name="verifyWithdrawMeeting" time="1.253"/>
  <system-out>
    <![CDATA[Test Case ----- verifyWithdrawMeeting Started
Test Case ----- verifyWithdrawMeeting PASS]]>
  </system-out>
  <testcase classname="UI_Runner.MeetingExecution" name="verifyJoinMeeting" time="4.412"/>
  <system-out>
    <![CDATA[Test Case ----- verifyJoinMeeting Started
Test Case ----- verifyJoinMeeting PASS]]>
  </system-out>
  <testcase classname="UI_Runner.MeetingExecution" name="verifyCancelMeeting" time="4.648"/>
  <system-out>
    <![CDATA[Test Case ----- verifyCancelMeeting Started
Test Case ----- verifyCancelMeeting PASS]]>
  </system-out>
</testsuite> <!-- UI_Runner.MeetingExecution -->
