<?xml version="1.0" encoding="UTF-8"?>
<!-- Generated by org.testng.reporters.JUnitReportReporter -->
<testsuite hostname="HUBLAPIND-401.local" failures="0" tests="14" name="UI_Runner.ProfileSettingExecution" time="119.537" errors="0" timestamp="2022-08-05T09:15:46 IST" skipped="6">
  <testcase classname="UI_Runner.ProfileSettingExecution" name="profileInit" time="3.679"/>
  <system-out>
    <![CDATA[Test Case ----- profileInit Started
Test Case ----- profileInit PASS]]>
  </system-out>
  <testcase classname="UI_Runner.ProfileSettingExecution" name="verifyEditProfileWithBulkData" time="32.838"/>
  <system-out>
    <![CDATA[Test Case ----- verifyEditProfileWithBulkData Started
Test Case ----- verifyEditProfileWithBulkData PASS]]>
  </system-out>
  <testcase classname="UI_Runner.ProfileSettingExecution" name="verifyEditProfileWithBulkData" time="32.074"/>
  <system-out>
    <![CDATA[Test Case ----- verifyEditProfileWithBulkData Started
Test Case ----- verifyEditProfileWithBulkData PASS]]>
  </system-out>
  <testcase classname="UI_Runner.ProfileSettingExecution" name="verifyEditProfileAddRemoveInterests" time="13.599"/>
  <system-out>
    <![CDATA[Test Case ----- verifyEditProfileAddRemoveInterests Started
Test Case ----- verifyEditProfileAddRemoveInterests PASS]]>
  </system-out>
  <testcase classname="UI_Runner.ProfileSettingExecution" name="verifyEditProfileLookingforOffering" time="12.198"/>
  <system-out>
    <![CDATA[Test Case ----- verifyEditProfileLookingforOffering Started
Test Case ----- verifyEditProfileLookingforOffering PASS]]>
  </system-out>
  <testcase classname="UI_Runner.ProfileSettingExecution" name="verifyTimezone" time="15.751"/>
  <system-out>
    <![CDATA[Test Case ----- verifyTimezone Started
Test Case ----- verifyTimezone PASS]]>
  </system-out>
  <testcase classname="UI_Runner.ProfileSettingExecution" name="verifyTimezone24Hour" time="6.904"/>
  <system-out>
    <![CDATA[Test Case ----- verifyTimezone24Hour Started
Test Case ----- verifyTimezone24Hour PASS]]>
  </system-out>
  <testcase classname="UI_Runner.ProfileSettingExecution" name="verifyUserLoggedout" time="2.494"/>
  <system-out>
    <![CDATA[Test Case ----- verifyUserLoggedout Started
Test Case ----- verifyUserLoggedout PASS]]>
  </system-out>
  <testcase classname="UI_Runner.ProfileSettingExecution" name="verifyBookmarkedExhibitorsUnbookmark">
    <skipped/>
  </testcase> <!-- verifyBookmarkedExhibitorsUnbookmark -->
  <system-out/>
  <testcase classname="UI_Runner.ProfileSettingExecution" name="verifyIndustryOff">
    <skipped/>
  </testcase> <!-- verifyIndustryOff -->
  <system-out/>
  <testcase classname="UI_Runner.ProfileSettingExecution" name="verifyInterestOff">
    <skipped/>
  </testcase> <!-- verifyInterestOff -->
  <system-out/>
  <testcase classname="UI_Runner.ProfileSettingExecution" name="verifyBookmarkedSpeakersUnbookmark">
    <skipped/>
  </testcase> <!-- verifyBookmarkedSpeakersUnbookmark -->
  <system-out/>
  <testcase classname="UI_Runner.ProfileSettingExecution" name="verifyBookmarkedAttendeesUnbookmark">
    <skipped/>
  </testcase> <!-- verifyBookmarkedAttendeesUnbookmark -->
  <system-out/>
  <testcase classname="UI_Runner.ProfileSettingExecution" name="verifyLookingAndOfferingForOff">
    <skipped/>
  </testcase> <!-- verifyLookingAndOfferingForOff -->
  <system-out/>
</testsuite> <!-- UI_Runner.ProfileSettingExecution -->
