<?xml version="1.0" encoding="UTF-8"?>
<!-- Generated by org.testng.reporters.JUnitReportReporter -->
<testsuite hostname="HUBLAPIND-401.local" failures="0" tests="9" name="UI_Runner.LoginExecution" time="90.650" errors="0" timestamp="2022-08-05T10:34:00 IST" skipped="0">
  <testcase classname="UI_Runner.LoginExecution" name="verifySelectEventFromMultiEventList" time="63.739"/>
  <system-out>
    <![CDATA[Test Case ----- verifySelectEventFromMultiEventList Started
Test Case ----- verifySelectEventFromMultiEventList PASS]]>
  </system-out>
  <testcase classname="UI_Runner.LoginExecution" name="verifyEmptyEmailWithoutAndWithConsent" time="0.025"/>
  <system-out>
    <![CDATA[Test Case ----- verifyEmptyEmailWithoutAndWithConsent Started
Test Case ----- verifyEmptyEmailWithoutAndWithConsent PASS]]>
  </system-out>
  <testcase classname="UI_Runner.LoginExecution" name="verifyInvalidEmailWithoutAndWithConsent" time="0.005"/>
  <system-out>
    <![CDATA[Test Case ----- verifyInvalidEmailWithoutAndWithConsent Started
Test Case ----- verifyInvalidEmailWithoutAndWithConsent PASS]]>
  </system-out>
  <testcase classname="UI_Runner.LoginExecution" name="verifyEmptyPasswordWithoutAndWithConsents" time="0.007"/>
  <system-out>
    <![CDATA[Test Case ----- verifyEmptyPasswordWithoutAndWithConsents Started
Test Case ----- verifyEmptyPasswordWithoutAndWithConsents PASS]]>
  </system-out>
  <testcase classname="UI_Runner.LoginExecution" name="verifyInvalidPasswordWithoutAndWithConsent" time="0.008"/>
  <system-out>
    <![CDATA[Test Case ----- verifyInvalidPasswordWithoutAndWithConsent Started
Test Case ----- verifyInvalidPasswordWithoutAndWithConsent PASS]]>
  </system-out>
  <testcase classname="UI_Runner.LoginExecution" name="verifyValidEmailAndPassword" time="7.338"/>
  <system-out>
    <![CDATA[Test Case ----- verifyValidEmailAndPassword Started
Test Case ----- verifyValidEmailAndPassword PASS]]>
  </system-out>
  <testcase classname="UI_Runner.LoginExecution" name="verifyDifferentUser" time="3.973"/>
  <system-out>
    <![CDATA[Test Case ----- verifyDifferentUser Started
Test Case ----- verifyDifferentUser PASS]]>
  </system-out>
  <testcase classname="UI_Runner.LoginExecution" name="verifyInvalidOTP" time="8.046"/>
  <system-out>
    <![CDATA[Test Case ----- verifyInvalidOTP Started
Test Case ----- verifyInvalidOTP PASS]]>
  </system-out>
  <testcase classname="UI_Runner.LoginExecution" name="verifyValidOTP" time="7.509"/>
  <system-out>
    <![CDATA[Test Case ----- verifyValidOTP Started
Test Case ----- verifyValidOTP PASS]]>
  </system-out>
</testsuite> <!-- UI_Runner.LoginExecution -->
