<?xml version="1.0" encoding="UTF-8"?>
<!-- Generated by org.testng.reporters.JUnitReportReporter -->
<testsuite hostname="HUBLAPIND-401.local" failures="0" tests="12" name="UI_Runner.PeopleExecution" time="148.578" errors="0" timestamp="2022-08-05T09:15:46 IST" skipped="0">
  <testcase classname="UI_Runner.PeopleExecution" name="peopleInit" time="8.275"/>
  <system-out>
    <![CDATA[Test Case ----- peopleInit Started
Test Case ----- peopleInit PASS]]>
  </system-out>
  <testcase classname="UI_Runner.PeopleExecution" name="verifySpeakerAttendeeTabs" time="9.727"/>
  <system-out>
    <![CDATA[Test Case ----- verifySpeakerAttendeeTabs Started
Test Case ----- verifySpeakerAttendeeTabs PASS]]>
  </system-out>
  <testcase classname="UI_Runner.PeopleExecution" name="verifyBookmarkUnbookmarkSpeaker" time="5.218"/>
  <system-out>
    <![CDATA[Test Case ----- verifyBookmarkUnbookmarkSpeaker Started
Test Case ----- verifyBookmarkUnbookmarkSpeaker PASS]]>
  </system-out>
  <testcase classname="UI_Runner.PeopleExecution" name="verifyBookmarkUnbookmarkAttendee" time="7.039"/>
  <system-out>
    <![CDATA[Test Case ----- verifyBookmarkUnbookmarkAttendee Started
Test Case ----- verifyBookmarkUnbookmarkAttendee PASS]]>
  </system-out>
  <testcase classname="UI_Runner.PeopleExecution" name="verifySpeakerNote" time="11.892"/>
  <system-out>
    <![CDATA[Test Case ----- verifySpeakerNote Started
Test Case ----- verifySpeakerNote PASS]]>
  </system-out>
  <testcase classname="UI_Runner.PeopleExecution" name="verifyAttendeeNote" time="13.081"/>
  <system-out>
    <![CDATA[Test Case ----- verifyAttendeeNote Started
Test Case ----- verifyAttendeeNote PASS]]>
  </system-out>
  <testcase classname="UI_Runner.PeopleExecution" name="verifySpeakerChat" time="20.855"/>
  <system-out>
    <![CDATA[Test Case ----- verifySpeakerChat Started
Test Case ----- verifySpeakerChat PASS]]>
  </system-out>
  <testcase classname="UI_Runner.PeopleExecution" name="verifyAttendeeChat" time="22.115"/>
  <system-out>
    <![CDATA[Test Case ----- verifyAttendeeChat Started
Test Case ----- verifyAttendeeChat PASS]]>
  </system-out>
  <testcase classname="UI_Runner.PeopleExecution" name="verifyCreateMeetingSpeaker" time="15.352"/>
  <system-out>
    <![CDATA[Test Case ----- verifyCreateMeetingSpeaker Started
Test Case ----- verifyCreateMeetingSpeaker PASS]]>
  </system-out>
  <testcase classname="UI_Runner.PeopleExecution" name="verifyCreateMeetingAttendee" time="17.490"/>
  <system-out>
    <![CDATA[Test Case ----- verifyCreateMeetingAttendee Started
Test Case ----- verifyCreateMeetingAttendee PASS]]>
  </system-out>
  <testcase classname="UI_Runner.PeopleExecution" name="verifySpeakerSearch" time="8.727"/>
  <system-out>
    <![CDATA[Test Case ----- verifySpeakerSearch Started
Test Case ----- verifySpeakerSearch PASS]]>
  </system-out>
  <testcase classname="UI_Runner.PeopleExecution" name="verifyAttendeeSearch" time="8.807"/>
  <system-out>
    <![CDATA[Test Case ----- verifyAttendeeSearch Started
Test Case ----- verifyAttendeeSearch PASS]]>
  </system-out>
</testsuite> <!-- UI_Runner.PeopleExecution -->
