<?xml version="1.0" encoding="UTF-8"?>
<!-- Generated by org.testng.reporters.JUnitReportReporter -->
<testsuite hostname="HUBLAPIND-401.local" failures="0" tests="9" name="UI_Runner.AgendaExecution" time="138.382" errors="0" timestamp="2022-08-05T09:15:46 IST" skipped="0">
  <testcase classname="UI_Runner.AgendaExecution" name="agendaSessionInit" time="18.090"/>
  <system-out>
    <![CDATA[Test Case ----- agendaSessionInit Started
Test Case ----- agendaSessionInit PASS]]>
  </system-out>
  <testcase classname="UI_Runner.AgendaExecution" name="verifyShowLiveAgendaToggle" time="4.502"/>
  <system-out>
    <![CDATA[Test Case ----- verifyShowLiveAgendaToggle Started
Test Case ----- verifyShowLiveAgendaToggle PASS]]>
  </system-out>
  <testcase classname="UI_Runner.AgendaExecution" name="verifyAgendaCTA" time="13.403"/>
  <system-out>
    <![CDATA[Test Case ----- verifyAgendaCTA Started
Test Case ----- verifyAgendaCTA PASS]]>
  </system-out>
  <testcase classname="UI_Runner.AgendaExecution" name="verifyPaginationForSessions" time="13.190"/>
  <system-out>
    <![CDATA[Test Case ----- verifyPaginationForSessions Started
Test Case ----- verifyPaginationForSessions PASS]]>
  </system-out>
  <testcase classname="UI_Runner.AgendaExecution" name="verifyAddToScheduleAgenda" time="28.244"/>
  <system-out>
    <![CDATA[Test Case ----- verifyAddToScheduleAgenda Started
Test Case ----- verifyAddToScheduleAgenda PASS]]>
  </system-out>
  <testcase classname="UI_Runner.AgendaExecution" name="verifyAddRemoveNotes" time="18.951"/>
  <system-out>
    <![CDATA[Test Case ----- verifyAddRemoveNotes Started
Test Case ----- verifyAddRemoveNotes PASS]]>
  </system-out>
  <testcase classname="UI_Runner.AgendaExecution" name="verifySearchSession" time="6.309"/>
  <system-out>
    <![CDATA[Test Case ----- verifySearchSession Started
Test Case ----- verifySearchSession PASS]]>
  </system-out>
  <testcase classname="UI_Runner.AgendaExecution" name="verifyEngagements" time="25.661"/>
  <system-out>
    <![CDATA[Test Case ----- verifyEngagements Started
Test Case ----- verifyEngagements PASS]]>
  </system-out>
  <testcase classname="UI_Runner.AgendaExecution" name="verifyAgendaNotesBriefcase" time="10.032"/>
  <system-out>
    <![CDATA[Test Case ----- verifyAgendaNotesBriefcase Started
Test Case ----- verifyAgendaNotesBriefcase PASS]]>
  </system-out>
</testsuite> <!-- UI_Runner.AgendaExecution -->
