<?xml version="1.0" encoding="UTF-8"?>
<!-- Generated by org.testng.reporters.JUnitReportReporter -->
<testsuite hostname="HUBLAPIND-401.local" failures="0" tests="7" name="UI_Runner.EventFeedExecution" time="95.854" errors="0" timestamp="2022-08-05T09:15:46 IST" skipped="0">
  <testcase classname="UI_Runner.EventFeedExecution" name="eventFeedInit" time="0.098"/>
  <system-out>
    <![CDATA[Test Case ----- eventFeedInit Started
Test Case ----- eventFeedInit PASS]]>
  </system-out>
  <testcase classname="UI_Runner.EventFeedExecution" name="verifyPostText" time="13.564"/>
  <system-out>
    <![CDATA[Test Case ----- verifyPostText Started
Test Case ----- verifyPostText PASS]]>
  </system-out>
  <testcase classname="UI_Runner.EventFeedExecution" name="verifyPostPicture" time="17.961"/>
  <system-out>
    <![CDATA[Test Case ----- verifyPostPicture Started
Test Case ----- verifyPostPicture PASS]]>
  </system-out>
  <testcase classname="UI_Runner.EventFeedExecution" name="verifyLookingFor" time="16.455"/>
  <system-out>
    <![CDATA[Test Case ----- verifyLookingFor Started
Test Case ----- verifyLookingFor PASS]]>
  </system-out>
  <testcase classname="UI_Runner.EventFeedExecution" name="verifyOfferingFor" time="16.822"/>
  <system-out>
    <![CDATA[Test Case ----- verifyOfferingFor Started
Test Case ----- verifyOfferingFor PASS]]>
  </system-out>
  <testcase classname="UI_Runner.EventFeedExecution" name="verifyPostLike" time="9.933"/>
  <system-out>
    <![CDATA[Test Case ----- verifyPostLike Started
Test Case ----- verifyPostLike PASS]]>
  </system-out>
  <testcase classname="UI_Runner.EventFeedExecution" name="verifyPostComment" time="21.021"/>
  <system-out>
    <![CDATA[Test Case ----- verifyPostComment Started
Test Case ----- verifyPostComment PASS]]>
  </system-out>
</testsuite> <!-- UI_Runner.EventFeedExecution -->
