<?xml version="1.0" encoding="UTF-8"?>
<!-- Generated by org.testng.reporters.JUnitReportReporter -->
<testsuite hostname="HUBLAPIND-401.local" failures="0" tests="30" name="UI_Runner.One2OneChatExecution" time="349.254" errors="0" timestamp="2022-08-05T09:15:46 IST" skipped="1">
  <testcase classname="UI_Runner.One2OneChatExecution" name="one2OneChatInit" time="7.613"/>
  <system-out>
    <![CDATA[Test Case ----- one2OneChatInit Started
Test Case ----- one2OneChatInit PASS]]>
  </system-out>
  <testcase classname="UI_Runner.One2OneChatExecution" name="verifyChatOnReception" time="4.042"/>
  <system-out>
    <![CDATA[Test Case ----- verifyChatOnReception Started
Test Case ----- verifyChatOnReception PASS]]>
  </system-out>
  <testcase classname="UI_Runner.One2OneChatExecution" name="verifySearchSpeakerNewChat" time="7.944"/>
  <system-out>
    <![CDATA[Test Case ----- verifySearchSpeakerNewChat Started
Test Case ----- verifySearchSpeakerNewChat PASS]]>
  </system-out>
  <testcase classname="UI_Runner.One2OneChatExecution" name="verifySpeakerTextChat" time="4.969"/>
  <system-out>
    <![CDATA[Test Case ----- verifySpeakerTextChat Started
Test Case ----- verifySpeakerTextChat PASS]]>
  </system-out>
  <testcase classname="UI_Runner.One2OneChatExecution" name="verifySpeakerTextChat" time="4.287"/>
  <system-out>
    <![CDATA[Test Case ----- verifySpeakerTextChat Started
Test Case ----- verifySpeakerTextChat PASS]]>
  </system-out>
  <testcase classname="UI_Runner.One2OneChatExecution" name="verifySpeakerTextChat" time="5.516"/>
  <system-out>
    <![CDATA[Test Case ----- verifySpeakerTextChat Started
Test Case ----- verifySpeakerTextChat PASS]]>
  </system-out>
  <testcase classname="UI_Runner.One2OneChatExecution" name="verifySpeakerTextChat" time="5.168"/>
  <system-out>
    <![CDATA[Test Case ----- verifySpeakerTextChat Started
Test Case ----- verifySpeakerTextChat PASS]]>
  </system-out>
  <testcase classname="UI_Runner.One2OneChatExecution" name="verifySpeakerTextChat" time="4.239"/>
  <system-out>
    <![CDATA[Test Case ----- verifySpeakerTextChat Started
Test Case ----- verifySpeakerTextChat PASS]]>
  </system-out>
  <testcase classname="UI_Runner.One2OneChatExecution" name="verifySpeakerTextChat" time="4.957"/>
  <system-out>
    <![CDATA[Test Case ----- verifySpeakerTextChat Started
Test Case ----- verifySpeakerTextChat PASS]]>
  </system-out>
  <testcase classname="UI_Runner.One2OneChatExecution" name="verifySpeakerTextChat" time="11.325"/>
  <system-out>
    <![CDATA[Test Case ----- verifySpeakerTextChat Started
Test Case ----- verifySpeakerTextChat PASS]]>
  </system-out>
  <testcase classname="UI_Runner.One2OneChatExecution" name="verifySpeakerTextChat" time="11.383"/>
  <system-out>
    <![CDATA[Test Case ----- verifySpeakerTextChat Started
Test Case ----- verifySpeakerTextChat PASS]]>
  </system-out>
  <testcase classname="UI_Runner.One2OneChatExecution" name="verifyDeleteSpeakerTextChat" time="4.543"/>
  <system-out>
    <![CDATA[Test Case ----- verifyDeleteSpeakerTextChat Started
Test Case ----- verifyDeleteSpeakerTextChat PASS]]>
  </system-out>
  <testcase classname="UI_Runner.One2OneChatExecution" name="verifySpeakerGIFChat" time="40.404"/>
  <system-out>
    <![CDATA[Test Case ----- verifySpeakerGIFChat Started
Test Case ----- verifySpeakerGIFChat PASS]]>
  </system-out>
  <testcase classname="UI_Runner.One2OneChatExecution" name="verifyDeleteSpeakerGIFChat" time="3.870"/>
  <system-out>
    <![CDATA[Test Case ----- verifyDeleteSpeakerGIFChat Started
Test Case ----- verifyDeleteSpeakerGIFChat PASS]]>
  </system-out>
  <testcase classname="UI_Runner.One2OneChatExecution" name="verifySearchAttendeeNewChat" time="10.249"/>
  <system-out>
    <![CDATA[Test Case ----- verifySearchAttendeeNewChat Started
Test Case ----- verifySearchAttendeeNewChat PASS]]>
  </system-out>
  <testcase classname="UI_Runner.One2OneChatExecution" name="verifyAttendeeTextChat" time="11.150"/>
  <system-out>
    <![CDATA[Test Case ----- verifyAttendeeTextChat Started
Test Case ----- verifyAttendeeTextChat PASS]]>
  </system-out>
  <testcase classname="UI_Runner.One2OneChatExecution" name="verifyAttendeeTextChat" time="4.001"/>
  <system-out>
    <![CDATA[Test Case ----- verifyAttendeeTextChat Started
Test Case ----- verifyAttendeeTextChat PASS]]>
  </system-out>
  <testcase classname="UI_Runner.One2OneChatExecution" name="verifyAttendeeTextChat" time="4.970"/>
  <system-out>
    <![CDATA[Test Case ----- verifyAttendeeTextChat Started
Test Case ----- verifyAttendeeTextChat PASS]]>
  </system-out>
  <testcase classname="UI_Runner.One2OneChatExecution" name="verifyAttendeeTextChat" time="11.047"/>
  <system-out>
    <![CDATA[Test Case ----- verifyAttendeeTextChat Started
Test Case ----- verifyAttendeeTextChat PASS]]>
  </system-out>
  <testcase classname="UI_Runner.One2OneChatExecution" name="verifyAttendeeTextChat" time="5.148"/>
  <system-out>
    <![CDATA[Test Case ----- verifyAttendeeTextChat Started
Test Case ----- verifyAttendeeTextChat PASS]]>
  </system-out>
  <testcase classname="UI_Runner.One2OneChatExecution" name="verifyAttendeeTextChat" time="4.245"/>
  <system-out>
    <![CDATA[Test Case ----- verifyAttendeeTextChat Started
Test Case ----- verifyAttendeeTextChat PASS]]>
  </system-out>
  <testcase classname="UI_Runner.One2OneChatExecution" name="verifyAttendeeTextChat" time="4.946"/>
  <system-out>
    <![CDATA[Test Case ----- verifyAttendeeTextChat Started
Test Case ----- verifyAttendeeTextChat PASS]]>
  </system-out>
  <testcase classname="UI_Runner.One2OneChatExecution" name="verifyAttendeeTextChat" time="5.404"/>
  <system-out>
    <![CDATA[Test Case ----- verifyAttendeeTextChat Started
Test Case ----- verifyAttendeeTextChat PASS]]>
  </system-out>
  <testcase classname="UI_Runner.One2OneChatExecution" name="verifyDeleteAttendeeTextChat" time="4.523"/>
  <system-out>
    <![CDATA[Test Case ----- verifyDeleteAttendeeTextChat Started
Test Case ----- verifyDeleteAttendeeTextChat PASS]]>
  </system-out>
  <testcase classname="UI_Runner.One2OneChatExecution" name="verifyAttendeeGIFChat" time="40.096"/>
  <system-out>
    <![CDATA[Test Case ----- verifyAttendeeGIFChat Started
Test Case ----- verifyAttendeeGIFChat PASS]]>
  </system-out>
  <testcase classname="UI_Runner.One2OneChatExecution" name="verifyDeleteAttendeeGIFChat" time="3.690"/>
  <system-out>
    <![CDATA[Test Case ----- verifyDeleteAttendeeGIFChat Started
Test Case ----- verifyDeleteAttendeeGIFChat PASS]]>
  </system-out>
  <testcase classname="UI_Runner.One2OneChatExecution" name="verifySearchSpeakerExistingList" time="56.975"/>
  <system-out>
    <![CDATA[Test Case ----- verifySearchSpeakerExistingList Started
Test Case ----- verifySearchSpeakerExistingList PASS]]>
  </system-out>
  <testcase classname="UI_Runner.One2OneChatExecution" name="verifySearchAttendeeExistingList" time="57.743"/>
  <system-out>
    <![CDATA[Test Case ----- verifySearchAttendeeExistingList Started
Test Case ----- verifySearchAttendeeExistingList PASS]]>
  </system-out>
  <testcase classname="UI_Runner.One2OneChatExecution" name="verifyDeleteAttendeeAllChat" time="4.807"/>
  <system-out>
    <![CDATA[Test Case ----- verifyDeleteAttendeeAllChat Started
Test Case ----- verifyDeleteAttendeeAllChat PASS]]>
  </system-out>
  <testcase classname="UI_Runner.One2OneChatExecution" name="verifyDeleteSpeakerAllChat">
    <skipped/>
  </testcase> <!-- verifyDeleteSpeakerAllChat -->
  <system-out/>
</testsuite> <!-- UI_Runner.One2OneChatExecution -->
