<?xml version="1.0" encoding="UTF-8"?>
<!-- Generated by org.testng.reporters.JUnitReportReporter -->
<testsuite hostname="HUBLAPIND-401.local" failures="0" tests="7" name="UI_Runner.ReceptionExecution" time="144.051" errors="0" timestamp="2022-08-05T09:15:46 IST" skipped="0">
  <testcase classname="UI_Runner.ReceptionExecution" name="receptionInit" time="23.848"/>
  <system-out>
    <![CDATA[Test Case ----- receptionInit Started
Test Case ----- receptionInit PASS]]>
  </system-out>
  <testcase classname="UI_Runner.ReceptionExecution" name="verifyLiveAgenda" time="3.842"/>
  <system-out>
    <![CDATA[Test Case ----- verifyLiveAgenda Started
Test Case ----- verifyLiveAgenda PASS]]>
  </system-out>
  <testcase classname="UI_Runner.ReceptionExecution" name="verifyAgenda" time="10.944"/>
  <system-out>
    <![CDATA[Test Case ----- verifyAgenda Started
Test Case ----- verifyAgenda PASS]]>
  </system-out>
  <testcase classname="UI_Runner.ReceptionExecution" name="verifyRoom" time="11.054"/>
  <system-out>
    <![CDATA[Test Case ----- verifyRoom Started
Test Case ----- verifyRoom PASS]]>
  </system-out>
  <testcase classname="UI_Runner.ReceptionExecution" name="verifySpeaker" time="72.627"/>
  <system-out>
    <![CDATA[Test Case ----- verifySpeaker Started
Test Case ----- verifySpeaker PASS]]>
  </system-out>
  <testcase classname="UI_Runner.ReceptionExecution" name="verifyBooth" time="16.638"/>
  <system-out>
    <![CDATA[Test Case ----- verifyBooth Started
Test Case ----- verifyBooth PASS]]>
  </system-out>
  <testcase classname="UI_Runner.ReceptionExecution" name="verifyLeaderboard" time="5.098"/>
  <system-out>
    <![CDATA[Test Case ----- verifyLeaderboard Started
Test Case ----- verifyLeaderboard PASS]]>
  </system-out>
</testsuite> <!-- UI_Runner.ReceptionExecution -->
