<?xml version="1.0" encoding="UTF-8"?>
<!-- Generated by org.testng.reporters.JUnitReportReporter -->
<testsuite hostname="HUBLAPIND-401.local" failures="0" tests="7" name="UI_Runner.BoothExecution" time="29.584" errors="0" timestamp="2022-08-05T09:15:46 IST" skipped="0">
  <testcase classname="UI_Runner.BoothExecution" name="boothInit" time="0.086"/>
  <system-out>
    <![CDATA[Test Case ----- boothInit Started
Test Case ----- boothInit PASS]]>
  </system-out>
  <testcase classname="UI_Runner.BoothExecution" name="verifyBoothCategory" time="2.103"/>
  <system-out>
    <![CDATA[Test Case ----- verifyBoothCategory Started
Test Case ----- verifyBoothCategory PASS]]>
  </system-out>
  <testcase classname="UI_Runner.BoothExecution" name="verifyBoothBookmark" time="1.651"/>
  <system-out>
    <![CDATA[Test Case ----- verifyBoothBookmark Started
Test Case ----- verifyBoothBookmark PASS]]>
  </system-out>
  <testcase classname="UI_Runner.BoothExecution" name="verifyBoothUnBookmark" time="3.276"/>
  <system-out>
    <![CDATA[Test Case ----- verifyBoothUnBookmark Started
Test Case ----- verifyBoothUnBookmark PASS]]>
  </system-out>
  <testcase classname="UI_Runner.BoothExecution" name="verifyBoothSearch" time="5.650"/>
  <system-out>
    <![CDATA[Test Case ----- verifyBoothSearch Started
Test Case ----- verifyBoothSearch PASS]]>
  </system-out>
  <testcase classname="UI_Runner.BoothExecution" name="verifyBoothDetailPage" time="15.224"/>
  <system-out>
    <![CDATA[Test Case ----- verifyBoothDetailPage Started
Test Case ----- verifyBoothDetailPage PASS]]>
  </system-out>
  <testcase classname="UI_Runner.BoothExecution" name="verifyBoothListing" time="1.594"/>
  <system-out>
    <![CDATA[Test Case ----- verifyBoothListing Started
Test Case ----- verifyBoothListing PASS]]>
  </system-out>
</testsuite> <!-- UI_Runner.BoothExecution -->
